<?xml version="1.0" encoding="UTF-8"?>
<!-- Generated by org.testng.reporters.JUnitReportReporter -->
<testsuite hostname="pappu-Aspire-A514-54" failures="0" tests="1" name="com.web.test.FirstTestNG" time="2.755" errors="0" timestamp="2023-02-23T12:28:49 IST" skipped="0">
  <testcase classname="com.web.test.FirstTestNG" name="checkBox" time="2.755"/>
  <system-out/>
</testsuite> <!-- com.web.test.FirstTestNG -->
